31-May-2022 10:31:30.722 INFO [main] org.apache.catalina.startup.VersionLoggerListener.log Server version name:   Apache Tomcat/10.0.21
31-May-2022 10:31:30.732 INFO [main] org.apache.catalina.startup.VersionLoggerListener.log Server built:          May 10 2022 21:53:12 UTC
31-May-2022 10:31:30.732 INFO [main] org.apache.catalina.startup.VersionLoggerListener.log Server version number: 10.0.21.0
31-May-2022 10:31:30.732 INFO [main] org.apache.catalina.startup.VersionLoggerListener.log OS Name:               Windows 7
31-May-2022 10:31:30.732 INFO [main] org.apache.catalina.startup.VersionLoggerListener.log OS Version:            6.1
31-May-2022 10:31:30.732 INFO [main] org.apache.catalina.startup.VersionLoggerListener.log Architecture:          x86
31-May-2022 10:31:30.732 INFO [main] org.apache.catalina.startup.VersionLoggerListener.log Java Home:             C:\Program Files (x86)\Java\jdk1.8.0_144\jre
31-May-2022 10:31:30.732 INFO [main] org.apache.catalina.startup.VersionLoggerListener.log JVM Version:           1.8.0_144-b01
31-May-2022 10:31:30.732 INFO [main] org.apache.catalina.startup.VersionLoggerListener.log JVM Vendor:            Oracle Corporation
31-May-2022 10:31:30.732 INFO [main] org.apache.catalina.startup.VersionLoggerListener.log CATALINA_BASE:         C:\Users\vignan\Downloads\apache-tomcat-10.0.21-windows-x64\apache-tomcat-10.0.21
31-May-2022 10:31:30.732 INFO [main] org.apache.catalina.startup.VersionLoggerListener.log CATALINA_HOME:         C:\Users\vignan\Downloads\apache-tomcat-10.0.21-windows-x64\apache-tomcat-10.0.21
31-May-2022 10:31:30.732 INFO [main] org.apache.catalina.startup.VersionLoggerListener.log Command line argument: -Djava.util.logging.config.file=C:\Users\vignan\Downloads\apache-tomcat-10.0.21-windows-x64\apache-tomcat-10.0.21\conf\logging.properties
31-May-2022 10:31:30.732 INFO [main] org.apache.catalina.startup.VersionLoggerListener.log Command line argument: -Djava.util.logging.manager=org.apache.juli.ClassLoaderLogManager
31-May-2022 10:31:30.732 INFO [main] org.apache.catalina.startup.VersionLoggerListener.log Command line argument: -Dhttp.nonProxyHosts=localhost|127.0.0.1|vignan-PC
31-May-2022 10:31:30.732 INFO [main] org.apache.catalina.startup.VersionLoggerListener.log Command line argument: -Djdk.tls.ephemeralDHKeySize=2048
31-May-2022 10:31:30.732 INFO [main] org.apache.catalina.startup.VersionLoggerListener.log Command line argument: -Djava.protocol.handler.pkgs=org.apache.catalina.webresources
31-May-2022 10:31:30.732 INFO [main] org.apache.catalina.startup.VersionLoggerListener.log Command line argument: -Dignore.endorsed.dirs=
31-May-2022 10:31:30.732 INFO [main] org.apache.catalina.startup.VersionLoggerListener.log Command line argument: -Dcatalina.base=C:\Users\vignan\Downloads\apache-tomcat-10.0.21-windows-x64\apache-tomcat-10.0.21
31-May-2022 10:31:30.732 INFO [main] org.apache.catalina.startup.VersionLoggerListener.log Command line argument: -Dcatalina.home=C:\Users\vignan\Downloads\apache-tomcat-10.0.21-windows-x64\apache-tomcat-10.0.21
31-May-2022 10:31:30.732 INFO [main] org.apache.catalina.startup.VersionLoggerListener.log Command line argument: -Djava.io.tmpdir=C:\Users\vignan\Downloads\apache-tomcat-10.0.21-windows-x64\apache-tomcat-10.0.21\temp
31-May-2022 10:31:30.752 WARNING [main] org.apache.catalina.core.AprLifecycleListener.init The Apache Tomcat Native library failed to load. The error reported was [C:\Users\vignan\Downloads\apache-tomcat-10.0.21-windows-x64\apache-tomcat-10.0.21\bin\tcnative-1.dll: Can't load AMD 64-bit .dll on a IA 32-bit platform]
	java.lang.UnsatisfiedLinkError: C:\Users\vignan\Downloads\apache-tomcat-10.0.21-windows-x64\apache-tomcat-10.0.21\bin\tcnative-1.dll: Can't load AMD 64-bit .dll on a IA 32-bit platform
		at java.lang.ClassLoader$NativeLibrary.load(Native Method)
		at java.lang.ClassLoader.loadLibrary0(ClassLoader.java:1941)
		at java.lang.ClassLoader.loadLibrary(ClassLoader.java:1824)
		at java.lang.Runtime.load0(Runtime.java:809)
		at java.lang.System.load(System.java:1086)
		at org.apache.tomcat.jni.Library.<init>(Library.java:41)
		at org.apache.tomcat.jni.Library.initialize(Library.java:203)
		at org.apache.catalina.core.AprLifecycleListener.init(AprLifecycleListener.java:203)
		at org.apache.catalina.core.AprLifecycleListener.lifecycleEvent(AprLifecycleListener.java:134)
		at org.apache.catalina.util.LifecycleBase.fireLifecycleEvent(LifecycleBase.java:123)
		at org.apache.catalina.util.LifecycleBase.setStateInternal(LifecycleBase.java:423)
		at org.apache.catalina.util.LifecycleBase.init(LifecycleBase.java:135)
		at org.apache.catalina.startup.Catalina.load(Catalina.java:747)
		at org.apache.catalina.startup.Catalina.load(Catalina.java:769)
		at sun.reflect.NativeMethodAccessorImpl.invoke0(Native Method)
		at sun.reflect.NativeMethodAccessorImpl.invoke(NativeMethodAccessorImpl.java:62)
		at sun.reflect.DelegatingMethodAccessorImpl.invoke(DelegatingMethodAccessorImpl.java:43)
		at java.lang.reflect.Method.invoke(Method.java:498)
		at org.apache.catalina.startup.Bootstrap.load(Bootstrap.java:305)
		at org.apache.catalina.startup.Bootstrap.main(Bootstrap.java:475)
31-May-2022 10:31:31.432 INFO [main] org.apache.coyote.AbstractProtocol.init Initializing ProtocolHandler ["http-nio-8081"]
31-May-2022 10:31:31.582 INFO [main] org.apache.catalina.startup.Catalina.load Server initialization in [1260] milliseconds
31-May-2022 10:31:31.634 INFO [main] org.apache.catalina.core.StandardService.startInternal Starting service [Catalina]
31-May-2022 10:31:31.634 INFO [main] org.apache.catalina.core.StandardEngine.startInternal Starting Servlet engine: [Apache Tomcat/10.0.21]
31-May-2022 10:31:31.654 INFO [main] org.apache.catalina.startup.HostConfig.deployDirectory Deploying web application directory [C:\Users\vignan\Downloads\apache-tomcat-10.0.21-windows-x64\apache-tomcat-10.0.21\webapps\docs]
31-May-2022 10:31:32.144 INFO [main] org.apache.catalina.startup.HostConfig.deployDirectory Deployment of web application directory [C:\Users\vignan\Downloads\apache-tomcat-10.0.21-windows-x64\apache-tomcat-10.0.21\webapps\docs] has finished in [490] ms
31-May-2022 10:31:32.144 INFO [main] org.apache.catalina.startup.HostConfig.deployDirectory Deploying web application directory [C:\Users\vignan\Downloads\apache-tomcat-10.0.21-windows-x64\apache-tomcat-10.0.21\webapps\examples]
31-May-2022 10:31:32.524 INFO [main] org.apache.catalina.startup.HostConfig.deployDirectory Deployment of web application directory [C:\Users\vignan\Downloads\apache-tomcat-10.0.21-windows-x64\apache-tomcat-10.0.21\webapps\examples] has finished in [380] ms
31-May-2022 10:31:32.524 INFO [main] org.apache.catalina.startup.HostConfig.deployDirectory Deploying web application directory [C:\Users\vignan\Downloads\apache-tomcat-10.0.21-windows-x64\apache-tomcat-10.0.21\webapps\host-manager]
31-May-2022 10:31:32.564 INFO [main] org.apache.catalina.startup.HostConfig.deployDirectory Deployment of web application directory [C:\Users\vignan\Downloads\apache-tomcat-10.0.21-windows-x64\apache-tomcat-10.0.21\webapps\host-manager] has finished in [40] ms
31-May-2022 10:31:32.564 INFO [main] org.apache.catalina.startup.HostConfig.deployDirectory Deploying web application directory [C:\Users\vignan\Downloads\apache-tomcat-10.0.21-windows-x64\apache-tomcat-10.0.21\webapps\manager]
31-May-2022 10:31:32.594 INFO [main] org.apache.catalina.startup.HostConfig.deployDirectory Deployment of web application directory [C:\Users\vignan\Downloads\apache-tomcat-10.0.21-windows-x64\apache-tomcat-10.0.21\webapps\manager] has finished in [30] ms
31-May-2022 10:31:32.594 INFO [main] org.apache.catalina.startup.HostConfig.deployDirectory Deploying web application directory [C:\Users\vignan\Downloads\apache-tomcat-10.0.21-windows-x64\apache-tomcat-10.0.21\webapps\ROOT]
31-May-2022 10:31:32.614 INFO [main] org.apache.catalina.startup.HostConfig.deployDirectory Deployment of web application directory [C:\Users\vignan\Downloads\apache-tomcat-10.0.21-windows-x64\apache-tomcat-10.0.21\webapps\ROOT] has finished in [20] ms
31-May-2022 10:31:32.624 INFO [main] org.apache.coyote.AbstractProtocol.start Starting ProtocolHandler ["http-nio-8081"]
31-May-2022 10:31:32.684 INFO [main] org.apache.catalina.startup.Catalina.start Server startup in [1099] milliseconds
31-May-2022 10:31:40.260 INFO [http-nio-8081-exec-10] org.apache.catalina.startup.HostConfig.deployDescriptor Deploying deployment descriptor [C:\Users\vignan\Downloads\apache-tomcat-10.0.21-windows-x64\apache-tomcat-10.0.21\conf\Catalina\localhost\WebApplication0.xml]
31-May-2022 10:31:40.260 WARNING [http-nio-8081-exec-10] org.apache.catalina.startup.HostConfig.deployDescriptor The path attribute with value [/WebApplication0] in deployment descriptor [C:\Users\vignan\Downloads\apache-tomcat-10.0.21-windows-x64\apache-tomcat-10.0.21\conf\Catalina\localhost\WebApplication0.xml] has been ignored
31-May-2022 10:31:40.300 INFO [http-nio-8081-exec-10] org.apache.catalina.startup.HostConfig.deployDescriptor Deployment of deployment descriptor [C:\Users\vignan\Downloads\apache-tomcat-10.0.21-windows-x64\apache-tomcat-10.0.21\conf\Catalina\localhost\WebApplication0.xml] has finished in [40] ms
31-May-2022 10:31:40.300 INFO [http-nio-8081-exec-1] org.apache.catalina.util.LifecycleBase.start The start() method was called on component [StandardEngine[Catalina].StandardHost[localhost].StandardContext[/WebApplication0]] after start() had already been called. The second call will be ignored.
31-May-2022 10:43:50.838 INFO [main] org.apache.catalina.core.StandardServer.await A valid shutdown command was received via the shutdown port. Stopping the Server instance.
31-May-2022 10:43:50.838 INFO [main] org.apache.coyote.AbstractProtocol.pause Pausing ProtocolHandler ["http-nio-8081"]
31-May-2022 10:43:50.883 INFO [main] org.apache.catalina.core.StandardService.stopInternal Stopping service [Catalina]
31-May-2022 10:43:50.971 INFO [main] org.apache.coyote.AbstractProtocol.stop Stopping ProtocolHandler ["http-nio-8081"]
31-May-2022 10:43:50.976 INFO [main] org.apache.coyote.AbstractProtocol.destroy Destroying ProtocolHandler ["http-nio-8081"]
31-May-2022 10:54:31.650 INFO [main] org.apache.catalina.startup.VersionLoggerListener.log Server version name:   Apache Tomcat/10.0.21
31-May-2022 10:54:31.650 INFO [main] org.apache.catalina.startup.VersionLoggerListener.log Server built:          May 10 2022 21:53:12 UTC
31-May-2022 10:54:31.650 INFO [main] org.apache.catalina.startup.VersionLoggerListener.log Server version number: 10.0.21.0
31-May-2022 10:54:31.650 INFO [main] org.apache.catalina.startup.VersionLoggerListener.log OS Name:               Windows 7
31-May-2022 10:54:31.650 INFO [main] org.apache.catalina.startup.VersionLoggerListener.log OS Version:            6.1
31-May-2022 10:54:31.650 INFO [main] org.apache.catalina.startup.VersionLoggerListener.log Architecture:          x86
31-May-2022 10:54:31.650 INFO [main] org.apache.catalina.startup.VersionLoggerListener.log Java Home:             C:\Program Files (x86)\Java\jdk1.8.0_144\jre
31-May-2022 10:54:31.650 INFO [main] org.apache.catalina.startup.VersionLoggerListener.log JVM Version:           1.8.0_144-b01
31-May-2022 10:54:31.650 INFO [main] org.apache.catalina.startup.VersionLoggerListener.log JVM Vendor:            Oracle Corporation
31-May-2022 10:54:31.650 INFO [main] org.apache.catalina.startup.VersionLoggerListener.log CATALINA_BASE:         C:\Users\vignan\Downloads\apache-tomcat-10.0.21-windows-x64\apache-tomcat-10.0.21
31-May-2022 10:54:31.650 INFO [main] org.apache.catalina.startup.VersionLoggerListener.log CATALINA_HOME:         C:\Users\vignan\Downloads\apache-tomcat-10.0.21-windows-x64\apache-tomcat-10.0.21
31-May-2022 10:54:31.660 INFO [main] org.apache.catalina.startup.VersionLoggerListener.log Command line argument: -Djava.util.logging.config.file=C:\Users\vignan\Downloads\apache-tomcat-10.0.21-windows-x64\apache-tomcat-10.0.21\conf\logging.properties
31-May-2022 10:54:31.660 INFO [main] org.apache.catalina.startup.VersionLoggerListener.log Command line argument: -Djava.util.logging.manager=org.apache.juli.ClassLoaderLogManager
31-May-2022 10:54:31.660 INFO [main] org.apache.catalina.startup.VersionLoggerListener.log Command line argument: -Dhttp.nonProxyHosts=localhost|127.0.0.1|vignan-PC
31-May-2022 10:54:31.660 INFO [main] org.apache.catalina.startup.VersionLoggerListener.log Command line argument: -Djdk.tls.ephemeralDHKeySize=2048
31-May-2022 10:54:31.660 INFO [main] org.apache.catalina.startup.VersionLoggerListener.log Command line argument: -Djava.protocol.handler.pkgs=org.apache.catalina.webresources
31-May-2022 10:54:31.660 INFO [main] org.apache.catalina.startup.VersionLoggerListener.log Command line argument: -Dignore.endorsed.dirs=
31-May-2022 10:54:31.660 INFO [main] org.apache.catalina.startup.VersionLoggerListener.log Command line argument: -Dcatalina.base=C:\Users\vignan\Downloads\apache-tomcat-10.0.21-windows-x64\apache-tomcat-10.0.21
31-May-2022 10:54:31.660 INFO [main] org.apache.catalina.startup.VersionLoggerListener.log Command line argument: -Dcatalina.home=C:\Users\vignan\Downloads\apache-tomcat-10.0.21-windows-x64\apache-tomcat-10.0.21
31-May-2022 10:54:31.660 INFO [main] org.apache.catalina.startup.VersionLoggerListener.log Command line argument: -Djava.io.tmpdir=C:\Users\vignan\Downloads\apache-tomcat-10.0.21-windows-x64\apache-tomcat-10.0.21\temp
31-May-2022 10:54:31.660 WARNING [main] org.apache.catalina.core.AprLifecycleListener.init The Apache Tomcat Native library failed to load. The error reported was [C:\Users\vignan\Downloads\apache-tomcat-10.0.21-windows-x64\apache-tomcat-10.0.21\bin\tcnative-1.dll: Can't load AMD 64-bit .dll on a IA 32-bit platform]
	java.lang.UnsatisfiedLinkError: C:\Users\vignan\Downloads\apache-tomcat-10.0.21-windows-x64\apache-tomcat-10.0.21\bin\tcnative-1.dll: Can't load AMD 64-bit .dll on a IA 32-bit platform
		at java.lang.ClassLoader$NativeLibrary.load(Native Method)
		at java.lang.ClassLoader.loadLibrary0(ClassLoader.java:1941)
		at java.lang.ClassLoader.loadLibrary(ClassLoader.java:1824)
		at java.lang.Runtime.load0(Runtime.java:809)
		at java.lang.System.load(System.java:1086)
		at org.apache.tomcat.jni.Library.<init>(Library.java:41)
		at org.apache.tomcat.jni.Library.initialize(Library.java:203)
		at org.apache.catalina.core.AprLifecycleListener.init(AprLifecycleListener.java:203)
		at org.apache.catalina.core.AprLifecycleListener.lifecycleEvent(AprLifecycleListener.java:134)
		at org.apache.catalina.util.LifecycleBase.fireLifecycleEvent(LifecycleBase.java:123)
		at org.apache.catalina.util.LifecycleBase.setStateInternal(LifecycleBase.java:423)
		at org.apache.catalina.util.LifecycleBase.init(LifecycleBase.java:135)
		at org.apache.catalina.startup.Catalina.load(Catalina.java:747)
		at org.apache.catalina.startup.Catalina.load(Catalina.java:769)
		at sun.reflect.NativeMethodAccessorImpl.invoke0(Native Method)
		at sun.reflect.NativeMethodAccessorImpl.invoke(NativeMethodAccessorImpl.java:62)
		at sun.reflect.DelegatingMethodAccessorImpl.invoke(DelegatingMethodAccessorImpl.java:43)
		at java.lang.reflect.Method.invoke(Method.java:498)
		at org.apache.catalina.startup.Bootstrap.load(Bootstrap.java:305)
		at org.apache.catalina.startup.Bootstrap.main(Bootstrap.java:475)
31-May-2022 10:54:31.990 INFO [main] org.apache.coyote.AbstractProtocol.init Initializing ProtocolHandler ["http-nio-8081"]
31-May-2022 10:54:32.020 INFO [main] org.apache.catalina.startup.Catalina.load Server initialization in [541] milliseconds
31-May-2022 10:54:32.050 INFO [main] org.apache.catalina.core.StandardService.startInternal Starting service [Catalina]
31-May-2022 10:54:32.050 INFO [main] org.apache.catalina.core.StandardEngine.startInternal Starting Servlet engine: [Apache Tomcat/10.0.21]
31-May-2022 10:54:32.060 INFO [main] org.apache.catalina.startup.HostConfig.deployDescriptor Deploying deployment descriptor [C:\Users\vignan\Downloads\apache-tomcat-10.0.21-windows-x64\apache-tomcat-10.0.21\conf\Catalina\localhost\WebApplication0.xml]
31-May-2022 10:54:32.070 WARNING [main] org.apache.catalina.startup.HostConfig.deployDescriptor The path attribute with value [/WebApplication0] in deployment descriptor [C:\Users\vignan\Downloads\apache-tomcat-10.0.21-windows-x64\apache-tomcat-10.0.21\conf\Catalina\localhost\WebApplication0.xml] has been ignored
31-May-2022 10:54:32.410 INFO [main] org.apache.catalina.startup.HostConfig.deployDescriptor Deployment of deployment descriptor [C:\Users\vignan\Downloads\apache-tomcat-10.0.21-windows-x64\apache-tomcat-10.0.21\conf\Catalina\localhost\WebApplication0.xml] has finished in [350] ms
31-May-2022 10:54:32.410 INFO [main] org.apache.catalina.startup.HostConfig.deployDirectory Deploying web application directory [C:\Users\vignan\Downloads\apache-tomcat-10.0.21-windows-x64\apache-tomcat-10.0.21\webapps\docs]
31-May-2022 10:54:32.440 INFO [main] org.apache.catalina.startup.HostConfig.deployDirectory Deployment of web application directory [C:\Users\vignan\Downloads\apache-tomcat-10.0.21-windows-x64\apache-tomcat-10.0.21\webapps\docs] has finished in [30] ms
31-May-2022 10:54:32.440 INFO [main] org.apache.catalina.startup.HostConfig.deployDirectory Deploying web application directory [C:\Users\vignan\Downloads\apache-tomcat-10.0.21-windows-x64\apache-tomcat-10.0.21\webapps\examples]
31-May-2022 10:54:32.803 INFO [main] org.apache.catalina.startup.HostConfig.deployDirectory Deployment of web application directory [C:\Users\vignan\Downloads\apache-tomcat-10.0.21-windows-x64\apache-tomcat-10.0.21\webapps\examples] has finished in [363] ms
31-May-2022 10:54:32.803 INFO [main] org.apache.catalina.startup.HostConfig.deployDirectory Deploying web application directory [C:\Users\vignan\Downloads\apache-tomcat-10.0.21-windows-x64\apache-tomcat-10.0.21\webapps\host-manager]
31-May-2022 10:54:32.833 INFO [main] org.apache.catalina.startup.HostConfig.deployDirectory Deployment of web application directory [C:\Users\vignan\Downloads\apache-tomcat-10.0.21-windows-x64\apache-tomcat-10.0.21\webapps\host-manager] has finished in [30] ms
31-May-2022 10:54:32.833 INFO [main] org.apache.catalina.startup.HostConfig.deployDirectory Deploying web application directory [C:\Users\vignan\Downloads\apache-tomcat-10.0.21-windows-x64\apache-tomcat-10.0.21\webapps\manager]
31-May-2022 10:54:32.863 INFO [main] org.apache.catalina.startup.HostConfig.deployDirectory Deployment of web application directory [C:\Users\vignan\Downloads\apache-tomcat-10.0.21-windows-x64\apache-tomcat-10.0.21\webapps\manager] has finished in [30] ms
31-May-2022 10:54:32.863 INFO [main] org.apache.catalina.startup.HostConfig.deployDirectory Deploying web application directory [C:\Users\vignan\Downloads\apache-tomcat-10.0.21-windows-x64\apache-tomcat-10.0.21\webapps\ROOT]
31-May-2022 10:54:32.883 INFO [main] org.apache.catalina.startup.HostConfig.deployDirectory Deployment of web application directory [C:\Users\vignan\Downloads\apache-tomcat-10.0.21-windows-x64\apache-tomcat-10.0.21\webapps\ROOT] has finished in [20] ms
31-May-2022 10:54:32.893 INFO [main] org.apache.coyote.AbstractProtocol.start Starting ProtocolHandler ["http-nio-8081"]
31-May-2022 10:54:32.913 INFO [main] org.apache.catalina.startup.Catalina.start Server startup in [893] milliseconds
31-May-2022 10:57:55.663 INFO [http-nio-8081-exec-9] org.apache.catalina.startup.HostConfig.undeploy Undeploying context [/WebApplication0]
31-May-2022 10:57:55.683 INFO [http-nio-8081-exec-1] org.apache.catalina.startup.HostConfig.deployDescriptor Deploying deployment descriptor [C:\Users\vignan\Downloads\apache-tomcat-10.0.21-windows-x64\apache-tomcat-10.0.21\conf\Catalina\localhost\WebApplication0.xml]
31-May-2022 10:57:55.683 WARNING [http-nio-8081-exec-1] org.apache.catalina.startup.HostConfig.deployDescriptor The path attribute with value [/WebApplication0] in deployment descriptor [C:\Users\vignan\Downloads\apache-tomcat-10.0.21-windows-x64\apache-tomcat-10.0.21\conf\Catalina\localhost\WebApplication0.xml] has been ignored
31-May-2022 10:57:55.703 SEVERE [http-nio-8081-exec-1] org.apache.catalina.startup.HostConfig.deployDescriptor Error deploying deployment descriptor [C:\Users\vignan\Downloads\apache-tomcat-10.0.21-windows-x64\apache-tomcat-10.0.21\conf\Catalina\localhost\WebApplication0.xml]
	java.lang.IllegalStateException: Error starting child
		at org.apache.catalina.core.ContainerBase.addChildInternal(ContainerBase.java:729)
		at org.apache.catalina.core.ContainerBase.addChild(ContainerBase.java:698)
		at org.apache.catalina.core.StandardHost.addChild(StandardHost.java:747)
		at org.apache.catalina.startup.HostConfig.deployDescriptor(HostConfig.java:693)
		at org.apache.catalina.startup.HostConfig.deployApps(HostConfig.java:541)
		at org.apache.catalina.startup.HostConfig.check(HostConfig.java:1780)
		at sun.reflect.NativeMethodAccessorImpl.invoke0(Native Method)
		at sun.reflect.NativeMethodAccessorImpl.invoke(NativeMethodAccessorImpl.java:62)
		at sun.reflect.DelegatingMethodAccessorImpl.invoke(DelegatingMethodAccessorImpl.java:43)
		at java.lang.reflect.Method.invoke(Method.java:498)
		at org.apache.tomcat.util.modeler.BaseModelMBean.invoke(BaseModelMBean.java:293)
		at com.sun.jmx.interceptor.DefaultMBeanServerInterceptor.invoke(DefaultMBeanServerInterceptor.java:819)
		at com.sun.jmx.mbeanserver.JmxMBeanServer.invoke(JmxMBeanServer.java:801)
		at org.apache.catalina.manager.ManagerServlet.check(ManagerServlet.java:1592)
		at org.apache.catalina.manager.ManagerServlet.deploy(ManagerServlet.java:1027)
		at org.apache.catalina.manager.ManagerServlet.doGet(ManagerServlet.java:358)
		at jakarta.servlet.http.HttpServlet.service(HttpServlet.java:668)
		at jakarta.servlet.http.HttpServlet.service(HttpServlet.java:777)
		at org.apache.catalina.core.ApplicationFilterChain.internalDoFilter(ApplicationFilterChain.java:223)
		at org.apache.catalina.core.ApplicationFilterChain.doFilter(ApplicationFilterChain.java:158)
		at org.apache.tomcat.websocket.server.WsFilter.doFilter(WsFilter.java:53)
		at org.apache.catalina.core.ApplicationFilterChain.internalDoFilter(ApplicationFilterChain.java:185)
		at org.apache.catalina.core.ApplicationFilterChain.doFilter(ApplicationFilterChain.java:158)
		at org.apache.catalina.filters.HttpHeaderSecurityFilter.doFilter(HttpHeaderSecurityFilter.java:126)
		at org.apache.catalina.core.ApplicationFilterChain.internalDoFilter(ApplicationFilterChain.java:185)
		at org.apache.catalina.core.ApplicationFilterChain.doFilter(ApplicationFilterChain.java:158)
		at org.apache.catalina.core.StandardWrapperValve.invoke(StandardWrapperValve.java:197)
		at org.apache.catalina.core.StandardContextValve.invoke(StandardContextValve.java:97)
		at org.apache.catalina.authenticator.AuthenticatorBase.invoke(AuthenticatorBase.java:661)
		at org.apache.catalina.valves.RequestFilterValve.process(RequestFilterValve.java:378)
		at org.apache.catalina.valves.RemoteAddrValve.invoke(RemoteAddrValve.java:56)
		at org.apache.catalina.core.StandardHostValve.invoke(StandardHostValve.java:119)
		at org.apache.catalina.valves.ErrorReportValve.invoke(ErrorReportValve.java:92)
		at org.apache.catalina.valves.AbstractAccessLogValve.invoke(AbstractAccessLogValve.java:690)
		at org.apache.catalina.core.StandardEngineValve.invoke(StandardEngineValve.java:78)
		at org.apache.catalina.connector.CoyoteAdapter.service(CoyoteAdapter.java:356)
		at org.apache.coyote.http11.Http11Processor.service(Http11Processor.java:399)
		at org.apache.coyote.AbstractProcessorLight.process(AbstractProcessorLight.java:65)
		at org.apache.coyote.AbstractProtocol$ConnectionHandler.process(AbstractProtocol.java:867)
		at org.apache.tomcat.util.net.NioEndpoint$SocketProcessor.doRun(NioEndpoint.java:1716)
		at org.apache.tomcat.util.net.SocketProcessorBase.run(SocketProcessorBase.java:49)
		at org.apache.tomcat.util.threads.ThreadPoolExecutor.runWorker(ThreadPoolExecutor.java:1191)
		at org.apache.tomcat.util.threads.ThreadPoolExecutor$Worker.run(ThreadPoolExecutor.java:659)
		at org.apache.tomcat.util.threads.TaskThread$WrappingRunnable.run(TaskThread.java:61)
		at java.lang.Thread.run(Thread.java:748)
	Caused by: org.apache.catalina.LifecycleException: Failed to start component [StandardEngine[Catalina].StandardHost[localhost].StandardContext[/WebApplication0]]
		at org.apache.catalina.util.LifecycleBase.handleSubClassException(LifecycleBase.java:440)
		at org.apache.catalina.util.LifecycleBase.start(LifecycleBase.java:198)
		at org.apache.catalina.core.ContainerBase.addChildInternal(ContainerBase.java:726)
		... 44 more
	Caused by: java.lang.NoClassDefFoundError: javax/servlet/http/HttpServletRequest
		at java.lang.Class.getDeclaredMethods0(Native Method)
		at java.lang.Class.privateGetDeclaredMethods(Class.java:2701)
		at java.lang.Class.getDeclaredMethods(Class.java:1975)
		at org.apache.catalina.util.Introspection.getDeclaredMethods(Introspection.java:121)
		at org.apache.catalina.startup.WebAnnotationSet.loadMethodsAnnotation(WebAnnotationSet.java:285)
		at org.apache.catalina.startup.WebAnnotationSet.loadApplicationServletAnnotations(WebAnnotationSet.java:138)
		at org.apache.catalina.startup.WebAnnotationSet.loadApplicationAnnotations(WebAnnotationSet.java:69)
		at org.apache.catalina.startup.ContextConfig.applicationAnnotationsConfig(ContextConfig.java:332)
		at org.apache.catalina.startup.ContextConfig.configureStart(ContextConfig.java:989)
		at org.apache.catalina.startup.ContextConfig.lifecycleEvent(ContextConfig.java:303)
		at org.apache.catalina.util.LifecycleBase.fireLifecycleEvent(LifecycleBase.java:123)
		at org.apache.catalina.core.StandardContext.startInternal(StandardContext.java:5084)
		at org.apache.catalina.util.LifecycleBase.start(LifecycleBase.java:183)
		... 45 more
	Caused by: java.lang.ClassNotFoundException: javax.servlet.http.HttpServletRequest
		at org.apache.catalina.loader.WebappClassLoaderBase.loadClass(WebappClassLoaderBase.java:1449)
		at org.apache.catalina.loader.WebappClassLoaderBase.loadClass(WebappClassLoaderBase.java:1257)
		... 58 more
31-May-2022 10:57:55.773 INFO [http-nio-8081-exec-1] org.apache.catalina.startup.HostConfig.deployDescriptor Deployment of deployment descriptor [C:\Users\vignan\Downloads\apache-tomcat-10.0.21-windows-x64\apache-tomcat-10.0.21\conf\Catalina\localhost\WebApplication0.xml] has finished in [90] ms
31-May-2022 10:59:33.548 INFO [http-nio-8081-exec-9] org.apache.catalina.startup.HostConfig.undeploy Undeploying context [/WebApplication0]
31-May-2022 10:59:34.048 INFO [Catalina-utility-2] org.apache.catalina.startup.HostConfig.undeploy Undeploying context [/WebApplication0]
31-May-2022 10:59:34.058 INFO [http-nio-8081-exec-7] org.apache.catalina.startup.HostConfig.deployDescriptor Deploying deployment descriptor [C:\Users\vignan\Downloads\apache-tomcat-10.0.21-windows-x64\apache-tomcat-10.0.21\conf\Catalina\localhost\WebApplication0.xml]
31-May-2022 10:59:34.058 WARNING [http-nio-8081-exec-7] org.apache.catalina.startup.HostConfig.deployDescriptor The path attribute with value [/WebApplication0] in deployment descriptor [C:\Users\vignan\Downloads\apache-tomcat-10.0.21-windows-x64\apache-tomcat-10.0.21\conf\Catalina\localhost\WebApplication0.xml] has been ignored
31-May-2022 10:59:34.098 INFO [http-nio-8081-exec-7] org.apache.catalina.startup.HostConfig.deployDescriptor Deployment of deployment descriptor [C:\Users\vignan\Downloads\apache-tomcat-10.0.21-windows-x64\apache-tomcat-10.0.21\conf\Catalina\localhost\WebApplication0.xml] has finished in [40] ms
31-May-2022 10:59:34.098 INFO [http-nio-8081-exec-15] org.apache.catalina.util.LifecycleBase.start The start() method was called on component [StandardEngine[Catalina].StandardHost[localhost].StandardContext[/WebApplication0]] after start() had already been called. The second call will be ignored.
31-May-2022 11:00:14.401 INFO [http-nio-8081-exec-3] org.apache.catalina.core.StandardContext.reload Reloading Context with name [/WebApplication0] has started
31-May-2022 11:00:14.431 INFO [http-nio-8081-exec-3] org.apache.catalina.core.StandardContext.reload Reloading Context with name [/WebApplication0] is completed
31-May-2022 11:00:15.535 INFO [http-nio-8081-exec-18] org.apache.catalina.core.StandardContext.reload Reloading Context with name [/WebApplication0] has started
31-May-2022 11:00:15.565 INFO [http-nio-8081-exec-18] org.apache.catalina.core.StandardContext.reload Reloading Context with name [/WebApplication0] is completed
31-May-2022 11:00:39.006 INFO [http-nio-8081-exec-20] org.apache.catalina.core.StandardContext.reload Reloading Context with name [/WebApplication0] has started
31-May-2022 11:00:39.026 SEVERE [http-nio-8081-exec-20] org.apache.catalina.core.StandardContext.reload Exception starting Context with name [/WebApplication0]
	org.apache.catalina.LifecycleException: Failed to start component [StandardEngine[Catalina].StandardHost[localhost].StandardContext[/WebApplication0]]
		at org.apache.catalina.util.LifecycleBase.handleSubClassException(LifecycleBase.java:440)
		at org.apache.catalina.util.LifecycleBase.start(LifecycleBase.java:198)
		at org.apache.catalina.core.StandardContext.reload(StandardContext.java:3781)
		at org.apache.catalina.manager.ManagerServlet.reload(ManagerServlet.java:1133)
		at org.apache.catalina.manager.ManagerServlet.doGet(ManagerServlet.java:368)
		at jakarta.servlet.http.HttpServlet.service(HttpServlet.java:668)
		at jakarta.servlet.http.HttpServlet.service(HttpServlet.java:777)
		at org.apache.catalina.core.ApplicationFilterChain.internalDoFilter(ApplicationFilterChain.java:223)
		at org.apache.catalina.core.ApplicationFilterChain.doFilter(ApplicationFilterChain.java:158)
		at org.apache.tomcat.websocket.server.WsFilter.doFilter(WsFilter.java:53)
		at org.apache.catalina.core.ApplicationFilterChain.internalDoFilter(ApplicationFilterChain.java:185)
		at org.apache.catalina.core.ApplicationFilterChain.doFilter(ApplicationFilterChain.java:158)
		at org.apache.catalina.filters.HttpHeaderSecurityFilter.doFilter(HttpHeaderSecurityFilter.java:126)
		at org.apache.catalina.core.ApplicationFilterChain.internalDoFilter(ApplicationFilterChain.java:185)
		at org.apache.catalina.core.ApplicationFilterChain.doFilter(ApplicationFilterChain.java:158)
		at org.apache.catalina.core.StandardWrapperValve.invoke(StandardWrapperValve.java:197)
		at org.apache.catalina.core.StandardContextValve.invoke(StandardContextValve.java:97)
		at org.apache.catalina.authenticator.AuthenticatorBase.invoke(AuthenticatorBase.java:661)
		at org.apache.catalina.valves.RequestFilterValve.process(RequestFilterValve.java:378)
		at org.apache.catalina.valves.RemoteAddrValve.invoke(RemoteAddrValve.java:56)
		at org.apache.catalina.core.StandardHostValve.invoke(StandardHostValve.java:119)
		at org.apache.catalina.valves.ErrorReportValve.invoke(ErrorReportValve.java:92)
		at org.apache.catalina.valves.AbstractAccessLogValve.invoke(AbstractAccessLogValve.java:690)
		at org.apache.catalina.core.StandardEngineValve.invoke(StandardEngineValve.java:78)
		at org.apache.catalina.connector.CoyoteAdapter.service(CoyoteAdapter.java:356)
		at org.apache.coyote.http11.Http11Processor.service(Http11Processor.java:399)
		at org.apache.coyote.AbstractProcessorLight.process(AbstractProcessorLight.java:65)
		at org.apache.coyote.AbstractProtocol$ConnectionHandler.process(AbstractProtocol.java:867)
		at org.apache.tomcat.util.net.NioEndpoint$SocketProcessor.doRun(NioEndpoint.java:1716)
		at org.apache.tomcat.util.net.SocketProcessorBase.run(SocketProcessorBase.java:49)
		at org.apache.tomcat.util.threads.ThreadPoolExecutor.runWorker(ThreadPoolExecutor.java:1191)
		at org.apache.tomcat.util.threads.ThreadPoolExecutor$Worker.run(ThreadPoolExecutor.java:659)
		at org.apache.tomcat.util.threads.TaskThread$WrappingRunnable.run(TaskThread.java:61)
		at java.lang.Thread.run(Thread.java:748)
	Caused by: java.lang.NoClassDefFoundError: javax/servlet/http/HttpServletRequest
		at java.lang.Class.getDeclaredMethods0(Native Method)
		at java.lang.Class.privateGetDeclaredMethods(Class.java:2701)
		at java.lang.Class.getDeclaredMethods(Class.java:1975)
		at org.apache.catalina.util.Introspection.getDeclaredMethods(Introspection.java:121)
		at org.apache.catalina.startup.WebAnnotationSet.loadMethodsAnnotation(WebAnnotationSet.java:285)
		at org.apache.catalina.startup.WebAnnotationSet.loadApplicationServletAnnotations(WebAnnotationSet.java:138)
		at org.apache.catalina.startup.WebAnnotationSet.loadApplicationAnnotations(WebAnnotationSet.java:69)
		at org.apache.catalina.startup.ContextConfig.applicationAnnotationsConfig(ContextConfig.java:332)
		at org.apache.catalina.startup.ContextConfig.configureStart(ContextConfig.java:989)
		at org.apache.catalina.startup.ContextConfig.lifecycleEvent(ContextConfig.java:303)
		at org.apache.catalina.util.LifecycleBase.fireLifecycleEvent(LifecycleBase.java:123)
		at org.apache.catalina.core.StandardContext.startInternal(StandardContext.java:5084)
		at org.apache.catalina.util.LifecycleBase.start(LifecycleBase.java:183)
		... 32 more
	Caused by: java.lang.ClassNotFoundException: javax.servlet.http.HttpServletRequest
		at org.apache.catalina.loader.WebappClassLoaderBase.loadClass(WebappClassLoaderBase.java:1449)
		at org.apache.catalina.loader.WebappClassLoaderBase.loadClass(WebappClassLoaderBase.java:1257)
		... 45 more
31-May-2022 11:00:39.086 INFO [http-nio-8081-exec-20] org.apache.catalina.core.StandardContext.reload Reloading Context with name [/WebApplication0] is completed
31-May-2022 11:00:44.110 INFO [Catalina-utility-1] org.apache.catalina.startup.HostConfig.reload Reloading context [/WebApplication0]
31-May-2022 11:00:44.130 SEVERE [Catalina-utility-1] org.apache.catalina.startup.HostConfig.reload Error during context [/WebApplication0] restart
	org.apache.catalina.LifecycleException: Failed to start component [StandardEngine[Catalina].StandardHost[localhost].StandardContext[/WebApplication0]]
		at org.apache.catalina.util.LifecycleBase.handleSubClassException(LifecycleBase.java:440)
		at org.apache.catalina.util.LifecycleBase.start(LifecycleBase.java:198)
		at org.apache.catalina.startup.HostConfig.reload(HostConfig.java:1542)
		at org.apache.catalina.startup.HostConfig.checkResources(HostConfig.java:1505)
		at org.apache.catalina.startup.HostConfig.check(HostConfig.java:1744)
		at org.apache.catalina.startup.HostConfig.lifecycleEvent(HostConfig.java:316)
		at org.apache.catalina.util.LifecycleBase.fireLifecycleEvent(LifecycleBase.java:123)
		at org.apache.catalina.core.ContainerBase.backgroundProcess(ContainerBase.java:1162)
		at org.apache.catalina.core.ContainerBase$ContainerBackgroundProcessor.processChildren(ContainerBase.java:1365)
		at org.apache.catalina.core.ContainerBase$ContainerBackgroundProcessor.processChildren(ContainerBase.java:1369)
		at org.apache.catalina.core.ContainerBase$ContainerBackgroundProcessor.run(ContainerBase.java:1347)
		at java.util.concurrent.Executors$RunnableAdapter.call(Executors.java:511)
		at java.util.concurrent.FutureTask.runAndReset(FutureTask.java:308)
		at java.util.concurrent.ScheduledThreadPoolExecutor$ScheduledFutureTask.access$301(ScheduledThreadPoolExecutor.java:180)
		at java.util.concurrent.ScheduledThreadPoolExecutor$ScheduledFutureTask.run(ScheduledThreadPoolExecutor.java:294)
		at java.util.concurrent.ThreadPoolExecutor.runWorker(ThreadPoolExecutor.java:1149)
		at java.util.concurrent.ThreadPoolExecutor$Worker.run(ThreadPoolExecutor.java:624)
		at org.apache.tomcat.util.threads.TaskThread$WrappingRunnable.run(TaskThread.java:61)
		at java.lang.Thread.run(Thread.java:748)
	Caused by: java.lang.NoClassDefFoundError: javax/servlet/http/HttpServletRequest
		at java.lang.Class.getDeclaredMethods0(Native Method)
		at java.lang.Class.privateGetDeclaredMethods(Class.java:2701)
		at java.lang.Class.getDeclaredMethods(Class.java:1975)
		at org.apache.catalina.util.Introspection.getDeclaredMethods(Introspection.java:121)
		at org.apache.catalina.startup.WebAnnotationSet.loadMethodsAnnotation(WebAnnotationSet.java:285)
		at org.apache.catalina.startup.WebAnnotationSet.loadApplicationServletAnnotations(WebAnnotationSet.java:138)
		at org.apache.catalina.startup.WebAnnotationSet.loadApplicationAnnotations(WebAnnotationSet.java:69)
		at org.apache.catalina.startup.ContextConfig.applicationAnnotationsConfig(ContextConfig.java:332)
		at org.apache.catalina.startup.ContextConfig.configureStart(ContextConfig.java:989)
		at org.apache.catalina.startup.ContextConfig.lifecycleEvent(ContextConfig.java:303)
		at org.apache.catalina.util.LifecycleBase.fireLifecycleEvent(LifecycleBase.java:123)
		at org.apache.catalina.core.StandardContext.startInternal(StandardContext.java:5084)
		at org.apache.catalina.util.LifecycleBase.start(LifecycleBase.java:183)
		... 17 more
	Caused by: java.lang.ClassNotFoundException: javax.servlet.http.HttpServletRequest
		at org.apache.catalina.loader.WebappClassLoaderBase.loadClass(WebappClassLoaderBase.java:1449)
		at org.apache.catalina.loader.WebappClassLoaderBase.loadClass(WebappClassLoaderBase.java:1257)
		... 30 more
31-May-2022 11:20:17.536 INFO [http-nio-8081-exec-41] org.apache.catalina.core.StandardContext.reload Reloading Context with name [/WebApplication0] has started
31-May-2022 11:20:17.566 INFO [http-nio-8081-exec-41] org.apache.catalina.core.StandardContext.reload Reloading Context with name [/WebApplication0] is completed
31-May-2022 11:34:49.899 INFO [http-nio-8081-exec-50] org.apache.catalina.startup.HostConfig.deployDescriptor Deploying deployment descriptor [C:\Users\vignan\Downloads\apache-tomcat-10.0.21-windows-x64\apache-tomcat-10.0.21\conf\Catalina\localhost\WebApplication1.xml]
31-May-2022 11:34:49.900 WARNING [http-nio-8081-exec-50] org.apache.catalina.startup.HostConfig.deployDescriptor The path attribute with value [/WebApplication1] in deployment descriptor [C:\Users\vignan\Downloads\apache-tomcat-10.0.21-windows-x64\apache-tomcat-10.0.21\conf\Catalina\localhost\WebApplication1.xml] has been ignored
31-May-2022 11:34:49.930 INFO [http-nio-8081-exec-50] org.apache.catalina.startup.HostConfig.deployDescriptor Deployment of deployment descriptor [C:\Users\vignan\Downloads\apache-tomcat-10.0.21-windows-x64\apache-tomcat-10.0.21\conf\Catalina\localhost\WebApplication1.xml] has finished in [31] ms
31-May-2022 11:34:49.934 INFO [http-nio-8081-exec-51] org.apache.catalina.util.LifecycleBase.start The start() method was called on component [StandardEngine[Catalina].StandardHost[localhost].StandardContext[/WebApplication1]] after start() had already been called. The second call will be ignored.
31-May-2022 11:43:48.739 INFO [http-nio-8081-exec-46] org.apache.catalina.core.StandardContext.reload Reloading Context with name [/WebApplication1] has started
31-May-2022 11:43:48.769 INFO [http-nio-8081-exec-46] org.apache.catalina.core.StandardContext.reload Reloading Context with name [/WebApplication1] is completed
31-May-2022 11:48:15.551 INFO [http-nio-8081-exec-47] org.apache.catalina.core.StandardContext.reload Reloading Context with name [/WebApplication1] has started
31-May-2022 11:48:15.571 INFO [http-nio-8081-exec-47] org.apache.catalina.core.StandardContext.reload Reloading Context with name [/WebApplication1] is completed
31-May-2022 11:49:59.554 INFO [http-nio-8081-exec-62] org.apache.catalina.core.StandardContext.reload Reloading Context with name [/WebApplication1] has started
31-May-2022 11:49:59.584 INFO [http-nio-8081-exec-62] org.apache.catalina.core.StandardContext.reload Reloading Context with name [/WebApplication1] is completed
31-May-2022 11:50:40.268 INFO [http-nio-8081-exec-60] org.apache.catalina.core.StandardContext.reload Reloading Context with name [/WebApplication1] has started
31-May-2022 11:50:40.308 INFO [http-nio-8081-exec-60] org.apache.catalina.core.StandardContext.reload Reloading Context with name [/WebApplication1] is completed
31-May-2022 11:50:42.926 INFO [http-nio-8081-exec-66] org.apache.catalina.core.StandardContext.reload Reloading Context with name [/WebApplication1] has started
31-May-2022 11:50:42.936 INFO [http-nio-8081-exec-66] org.apache.catalina.core.StandardContext.reload Reloading Context with name [/WebApplication1] is completed
31-May-2022 11:55:14.382 INFO [main] org.apache.catalina.core.StandardServer.await A valid shutdown command was received via the shutdown port. Stopping the Server instance.
31-May-2022 11:55:14.382 INFO [main] org.apache.coyote.AbstractProtocol.pause Pausing ProtocolHandler ["http-nio-8081"]
31-May-2022 11:55:14.432 INFO [main] org.apache.catalina.core.StandardService.stopInternal Stopping service [Catalina]
31-May-2022 11:55:14.442 INFO [main] org.apache.coyote.AbstractProtocol.stop Stopping ProtocolHandler ["http-nio-8081"]
31-May-2022 11:55:14.456 INFO [main] org.apache.coyote.AbstractProtocol.destroy Destroying ProtocolHandler ["http-nio-8081"]
