01-Jun-2022 14:03:35.318 INFO [http-nio-8081-exec-4] org.apache.catalina.core.ApplicationContext.log Manager: init: Associated with Deployer 'Catalina:type=Deployer,host=localhost'
01-Jun-2022 14:03:35.318 INFO [http-nio-8081-exec-4] org.apache.catalina.core.ApplicationContext.log Manager: init: Global resources are available
01-Jun-2022 14:03:35.709 INFO [http-nio-8081-exec-7] org.apache.catalina.core.ApplicationContext.log Manager: list: Listing contexts for virtual host 'localhost'
01-Jun-2022 14:03:35.709 INFO [http-nio-8081-exec-8] org.apache.catalina.core.ApplicationContext.log Manager: list: Listing contexts for virtual host 'localhost'
01-Jun-2022 14:05:15.075 INFO [http-nio-8081-exec-2] org.apache.catalina.core.ApplicationContext.log Manager: list: Listing contexts for virtual host 'localhost'
01-Jun-2022 14:05:15.075 INFO [http-nio-8081-exec-1] org.apache.catalina.core.ApplicationContext.log Manager: list: Listing contexts for virtual host 'localhost'
01-Jun-2022 14:06:38.473 INFO [http-nio-8081-exec-4] org.apache.catalina.core.ApplicationContext.log Manager: list: Listing contexts for virtual host 'localhost'
01-Jun-2022 14:06:38.473 INFO [http-nio-8081-exec-5] org.apache.catalina.core.ApplicationContext.log Manager: list: Listing contexts for virtual host 'localhost'
01-Jun-2022 14:06:48.200 INFO [http-nio-8081-exec-6] org.apache.catalina.core.ApplicationContext.log Manager: list: Listing contexts for virtual host 'localhost'
01-Jun-2022 14:06:48.210 INFO [http-nio-8081-exec-5] org.apache.catalina.core.ApplicationContext.log Manager: list: Listing contexts for virtual host 'localhost'
01-Jun-2022 14:09:48.747 INFO [http-nio-8081-exec-5] org.apache.catalina.core.ApplicationContext.log Manager: list: Listing contexts for virtual host 'localhost'
01-Jun-2022 14:09:48.747 INFO [http-nio-8081-exec-8] org.apache.catalina.core.ApplicationContext.log Manager: list: Listing contexts for virtual host 'localhost'
01-Jun-2022 14:11:38.528 INFO [http-nio-8081-exec-6] org.apache.catalina.core.ApplicationContext.log Manager: list: Listing contexts for virtual host 'localhost'
01-Jun-2022 14:11:38.538 INFO [http-nio-8081-exec-5] org.apache.catalina.core.ApplicationContext.log Manager: stop: Stopping web application '/WebApplication1'
01-Jun-2022 14:11:38.618 INFO [http-nio-8081-exec-7] org.apache.catalina.core.ApplicationContext.log Manager: start: Starting web application '/WebApplication1'
01-Jun-2022 14:11:38.678 INFO [http-nio-8081-exec-6] org.apache.catalina.core.ApplicationContext.log Manager: list: Listing contexts for virtual host 'localhost'
01-Jun-2022 14:11:38.688 INFO [http-nio-8081-exec-4] org.apache.catalina.core.ApplicationContext.log Manager: restart: Reloading web application '/WebApplication1'
01-Jun-2022 14:11:39.298 INFO [http-nio-8081-exec-6] org.apache.catalina.core.ApplicationContext.log Manager: list: Listing contexts for virtual host 'localhost'
01-Jun-2022 14:11:39.308 INFO [http-nio-8081-exec-2] org.apache.catalina.core.ApplicationContext.log Manager: stop: Stopping web application '/WebApplication1'
01-Jun-2022 14:11:39.308 INFO [http-nio-8081-exec-9] org.apache.catalina.core.ApplicationContext.log Manager: start: Starting web application '/WebApplication1'
01-Jun-2022 14:11:39.328 SEVERE [http-nio-8081-exec-9] org.apache.catalina.core.ApplicationContext.log Manager: Error starting [/WebApplication1]
	org.apache.catalina.LifecycleException: Failed to start component [StandardEngine[Catalina].StandardHost[localhost].StandardContext[/WebApplication1]]
		at org.apache.catalina.util.LifecycleBase.handleSubClassException(LifecycleBase.java:440)
		at org.apache.catalina.util.LifecycleBase.start(LifecycleBase.java:198)
		at org.apache.catalina.manager.ManagerServlet.start(ManagerServlet.java:1415)
		at org.apache.catalina.manager.ManagerServlet.doGet(ManagerServlet.java:380)
		at jakarta.servlet.http.HttpServlet.service(HttpServlet.java:668)
		at jakarta.servlet.http.HttpServlet.service(HttpServlet.java:777)
		at org.apache.catalina.core.ApplicationFilterChain.internalDoFilter(ApplicationFilterChain.java:223)
		at org.apache.catalina.core.ApplicationFilterChain.doFilter(ApplicationFilterChain.java:158)
		at org.apache.tomcat.websocket.server.WsFilter.doFilter(WsFilter.java:53)
		at org.apache.catalina.core.ApplicationFilterChain.internalDoFilter(ApplicationFilterChain.java:185)
		at org.apache.catalina.core.ApplicationFilterChain.doFilter(ApplicationFilterChain.java:158)
		at org.apache.catalina.filters.HttpHeaderSecurityFilter.doFilter(HttpHeaderSecurityFilter.java:126)
		at org.apache.catalina.core.ApplicationFilterChain.internalDoFilter(ApplicationFilterChain.java:185)
		at org.apache.catalina.core.ApplicationFilterChain.doFilter(ApplicationFilterChain.java:158)
		at org.apache.catalina.core.StandardWrapperValve.invoke(StandardWrapperValve.java:197)
		at org.apache.catalina.core.StandardContextValve.invoke(StandardContextValve.java:97)
		at org.apache.catalina.authenticator.AuthenticatorBase.invoke(AuthenticatorBase.java:661)
		at org.apache.catalina.valves.RequestFilterValve.process(RequestFilterValve.java:378)
		at org.apache.catalina.valves.RemoteAddrValve.invoke(RemoteAddrValve.java:56)
		at org.apache.catalina.core.StandardHostValve.invoke(StandardHostValve.java:119)
		at org.apache.catalina.valves.ErrorReportValve.invoke(ErrorReportValve.java:92)
		at org.apache.catalina.valves.AbstractAccessLogValve.invoke(AbstractAccessLogValve.java:690)
		at org.apache.catalina.core.StandardEngineValve.invoke(StandardEngineValve.java:78)
		at org.apache.catalina.connector.CoyoteAdapter.service(CoyoteAdapter.java:356)
		at org.apache.coyote.http11.Http11Processor.service(Http11Processor.java:399)
		at org.apache.coyote.AbstractProcessorLight.process(AbstractProcessorLight.java:65)
		at org.apache.coyote.AbstractProtocol$ConnectionHandler.process(AbstractProtocol.java:867)
		at org.apache.tomcat.util.net.NioEndpoint$SocketProcessor.doRun(NioEndpoint.java:1716)
		at org.apache.tomcat.util.net.SocketProcessorBase.run(SocketProcessorBase.java:49)
		at org.apache.tomcat.util.threads.ThreadPoolExecutor.runWorker(ThreadPoolExecutor.java:1191)
		at org.apache.tomcat.util.threads.ThreadPoolExecutor$Worker.run(ThreadPoolExecutor.java:659)
		at org.apache.tomcat.util.threads.TaskThread$WrappingRunnable.run(TaskThread.java:61)
		at java.lang.Thread.run(Thread.java:748)
	Caused by: java.lang.NoClassDefFoundError: javax/servlet/http/HttpServletRequest
		at java.lang.Class.getDeclaredMethods0(Native Method)
		at java.lang.Class.privateGetDeclaredMethods(Class.java:2701)
		at java.lang.Class.getDeclaredMethods(Class.java:1975)
		at org.apache.catalina.util.Introspection.getDeclaredMethods(Introspection.java:121)
		at org.apache.catalina.startup.WebAnnotationSet.loadMethodsAnnotation(WebAnnotationSet.java:285)
		at org.apache.catalina.startup.WebAnnotationSet.loadApplicationServletAnnotations(WebAnnotationSet.java:138)
		at org.apache.catalina.startup.WebAnnotationSet.loadApplicationAnnotations(WebAnnotationSet.java:69)
		at org.apache.catalina.startup.ContextConfig.applicationAnnotationsConfig(ContextConfig.java:332)
		at org.apache.catalina.startup.ContextConfig.configureStart(ContextConfig.java:989)
		at org.apache.catalina.startup.ContextConfig.lifecycleEvent(ContextConfig.java:303)
		at org.apache.catalina.util.LifecycleBase.fireLifecycleEvent(LifecycleBase.java:123)
		at org.apache.catalina.core.StandardContext.startInternal(StandardContext.java:5084)
		at org.apache.catalina.util.LifecycleBase.start(LifecycleBase.java:183)
		... 31 more
	Caused by: java.lang.ClassNotFoundException: javax.servlet.http.HttpServletRequest
		at org.apache.catalina.loader.WebappClassLoaderBase.loadClass(WebappClassLoaderBase.java:1449)
		at org.apache.catalina.loader.WebappClassLoaderBase.loadClass(WebappClassLoaderBase.java:1257)
		... 44 more
01-Jun-2022 14:11:59.228 INFO [http-nio-8081-exec-7] org.apache.catalina.core.ApplicationContext.log Manager: list: Listing contexts for virtual host 'localhost'
01-Jun-2022 14:11:59.228 INFO [http-nio-8081-exec-11] org.apache.catalina.core.ApplicationContext.log Manager: list: Listing contexts for virtual host 'localhost'
01-Jun-2022 14:11:59.248 INFO [http-nio-8081-exec-4] org.apache.catalina.core.ApplicationContext.log Manager: undeploy: Undeploying web application at '/WebApplication1'
01-Jun-2022 14:11:59.788 INFO [http-nio-8081-exec-7] org.apache.catalina.core.ApplicationContext.log Manager: install: Installing context configuration at 'file:/C:/Users/vignan/AppData/Local/Temp/context4739077327411009082.xml'
01-Jun-2022 14:12:02.288 INFO [http-nio-8081-exec-12] org.apache.catalina.core.ApplicationContext.log Manager: list: Listing contexts for virtual host 'localhost'
01-Jun-2022 14:12:02.298 INFO [http-nio-8081-exec-10] org.apache.catalina.core.ApplicationContext.log Manager: list: Listing contexts for virtual host 'localhost'
01-Jun-2022 14:12:02.308 INFO [http-nio-8081-exec-4] org.apache.catalina.core.ApplicationContext.log Manager: undeploy: Undeploying web application at '/WebApplication1'
01-Jun-2022 14:12:02.828 INFO [http-nio-8081-exec-9] org.apache.catalina.core.ApplicationContext.log Manager: install: Installing context configuration at 'file:/C:/Users/vignan/AppData/Local/Temp/context6558303918097495927.xml'
01-Jun-2022 14:12:09.610 INFO [http-nio-8081-exec-11] org.apache.catalina.core.ApplicationContext.log Manager: list: Listing contexts for virtual host 'localhost'
01-Jun-2022 14:12:09.610 INFO [http-nio-8081-exec-2] org.apache.catalina.core.ApplicationContext.log Manager: list: Listing contexts for virtual host 'localhost'
01-Jun-2022 14:12:09.620 INFO [http-nio-8081-exec-6] org.apache.catalina.core.ApplicationContext.log Manager: undeploy: Undeploying web application at '/WebApplication1'
01-Jun-2022 14:12:10.140 INFO [http-nio-8081-exec-9] org.apache.catalina.core.ApplicationContext.log Manager: install: Installing context configuration at 'file:/C:/Users/vignan/AppData/Local/Temp/context2377280349836304486.xml'
01-Jun-2022 14:12:10.180 INFO [http-nio-8081-exec-11] org.apache.catalina.core.ApplicationContext.log Manager: start: Starting web application '/WebApplication1'
01-Jun-2022 14:12:26.861 INFO [http-nio-8081-exec-7] org.apache.catalina.core.ApplicationContext.log Manager: list: Listing contexts for virtual host 'localhost'
01-Jun-2022 14:12:26.861 INFO [http-nio-8081-exec-14] org.apache.catalina.core.ApplicationContext.log Manager: list: Listing contexts for virtual host 'localhost'
01-Jun-2022 14:12:26.881 INFO [http-nio-8081-exec-2] org.apache.catalina.core.ApplicationContext.log Manager: stop: Stopping web application '/WebApplication1'
01-Jun-2022 14:12:26.891 INFO [http-nio-8081-exec-9] org.apache.catalina.core.ApplicationContext.log Manager: start: Starting web application '/WebApplication1'
01-Jun-2022 14:12:49.625 INFO [http-nio-8081-exec-15] org.apache.catalina.core.ApplicationContext.log Manager: list: Listing contexts for virtual host 'localhost'
01-Jun-2022 14:13:10.565 INFO [http-nio-8081-exec-6] org.apache.catalina.core.ApplicationContext.log Manager: list: Listing contexts for virtual host 'localhost'
01-Jun-2022 14:13:10.565 INFO [http-nio-8081-exec-10] org.apache.catalina.core.ApplicationContext.log Manager: list: Listing contexts for virtual host 'localhost'
01-Jun-2022 14:14:11.193 INFO [http-nio-8081-exec-21] org.apache.catalina.core.ApplicationContext.log Manager: list: Listing contexts for virtual host 'localhost'
01-Jun-2022 14:14:11.193 INFO [http-nio-8081-exec-22] org.apache.catalina.core.ApplicationContext.log Manager: list: Listing contexts for virtual host 'localhost'
01-Jun-2022 14:14:47.791 INFO [http-nio-8081-exec-20] org.apache.catalina.core.ApplicationContext.log Manager: list: Listing contexts for virtual host 'localhost'
01-Jun-2022 14:14:47.791 INFO [http-nio-8081-exec-21] org.apache.catalina.core.ApplicationContext.log Manager: list: Listing contexts for virtual host 'localhost'
01-Jun-2022 14:20:21.931 INFO [http-nio-8081-exec-20] org.apache.catalina.core.ApplicationContext.log Manager: list: Listing contexts for virtual host 'localhost'
01-Jun-2022 14:20:21.931 INFO [http-nio-8081-exec-21] org.apache.catalina.core.ApplicationContext.log Manager: list: Listing contexts for virtual host 'localhost'
01-Jun-2022 14:20:21.962 INFO [http-nio-8081-exec-22] org.apache.catalina.core.ApplicationContext.log Manager: install: Installing context configuration at 'file:/C:/Users/vignan/AppData/Local/Temp/context3199239216239553897.xml'
01-Jun-2022 14:20:21.993 INFO [http-nio-8081-exec-23] org.apache.catalina.core.ApplicationContext.log Manager: start: Starting web application '/WebApplication2'
01-Jun-2022 14:20:54.469 INFO [http-nio-8081-exec-21] org.apache.catalina.core.ApplicationContext.log Manager: list: Listing contexts for virtual host 'localhost'
01-Jun-2022 14:20:58.259 INFO [http-nio-8081-exec-22] org.apache.catalina.core.ApplicationContext.log Manager: list: Listing contexts for virtual host 'localhost'
01-Jun-2022 14:20:58.259 INFO [http-nio-8081-exec-23] org.apache.catalina.core.ApplicationContext.log Manager: list: Listing contexts for virtual host 'localhost'
01-Jun-2022 14:35:14.386 INFO [http-nio-8081-exec-20] org.apache.catalina.core.ApplicationContext.log Manager: list: Listing contexts for virtual host 'localhost'
01-Jun-2022 14:35:14.396 INFO [http-nio-8081-exec-17] org.apache.catalina.core.ApplicationContext.log Manager: undeploy: Undeploying web application at '/WebApplication1'
01-Jun-2022 14:49:43.660 INFO [http-nio-8081-exec-33] org.apache.catalina.core.ApplicationContext.log Manager: list: Listing contexts for virtual host 'localhost'
01-Jun-2022 14:49:43.670 INFO [http-nio-8081-exec-32] org.apache.catalina.core.ApplicationContext.log Manager: list: Listing contexts for virtual host 'localhost'
01-Jun-2022 14:49:43.680 INFO [http-nio-8081-exec-34] org.apache.catalina.core.ApplicationContext.log Manager: install: Installing context configuration at 'file:/C:/Users/vignan/AppData/Local/Temp/context7439586361450224637.xml'
01-Jun-2022 14:49:43.730 INFO [http-nio-8081-exec-35] org.apache.catalina.core.ApplicationContext.log Manager: start: Starting web application '/WebApplication3'
01-Jun-2022 14:51:35.380 INFO [http-nio-8081-exec-33] org.apache.catalina.core.ApplicationContext.log Manager: list: Listing contexts for virtual host 'localhost'
01-Jun-2022 14:51:37.969 INFO [http-nio-8081-exec-32] org.apache.catalina.core.ApplicationContext.log Manager: list: Listing contexts for virtual host 'localhost'
01-Jun-2022 14:51:37.969 INFO [http-nio-8081-exec-34] org.apache.catalina.core.ApplicationContext.log Manager: list: Listing contexts for virtual host 'localhost'
01-Jun-2022 15:14:20.041 INFO [http-nio-8081-exec-30] org.apache.catalina.core.ApplicationContext.log Manager: list: Listing contexts for virtual host 'localhost'
01-Jun-2022 15:14:20.051 INFO [http-nio-8081-exec-31] org.apache.catalina.core.ApplicationContext.log Manager: list: Listing contexts for virtual host 'localhost'
01-Jun-2022 15:14:20.061 INFO [http-nio-8081-exec-33] org.apache.catalina.core.ApplicationContext.log Manager: install: Installing context configuration at 'file:/C:/Users/vignan/AppData/Local/Temp/context3595718673447477056.xml'
01-Jun-2022 15:14:20.101 INFO [http-nio-8081-exec-32] org.apache.catalina.core.ApplicationContext.log Manager: start: Starting web application '/WebApplication4'
01-Jun-2022 15:14:55.255 INFO [http-nio-8081-exec-33] org.apache.catalina.core.ApplicationContext.log Manager: list: Listing contexts for virtual host 'localhost'
01-Jun-2022 15:14:55.265 INFO [http-nio-8081-exec-32] org.apache.catalina.core.ApplicationContext.log Manager: stop: Stopping web application '/WebApplication4'
01-Jun-2022 15:14:55.285 INFO [http-nio-8081-exec-29] org.apache.catalina.core.ApplicationContext.log Manager: start: Starting web application '/WebApplication4'
01-Jun-2022 15:15:11.425 INFO [http-nio-8081-exec-28] org.apache.catalina.core.ApplicationContext.log Manager: list: Listing contexts for virtual host 'localhost'
01-Jun-2022 15:15:11.445 INFO [http-nio-8081-exec-29] org.apache.catalina.core.ApplicationContext.log Manager: stop: Stopping web application '/WebApplication4'
01-Jun-2022 15:15:11.455 INFO [http-nio-8081-exec-30] org.apache.catalina.core.ApplicationContext.log Manager: start: Starting web application '/WebApplication4'
01-Jun-2022 15:15:11.475 SEVERE [http-nio-8081-exec-30] org.apache.catalina.core.ApplicationContext.log Manager: Error starting [/WebApplication4]
	org.apache.catalina.LifecycleException: Failed to start component [StandardEngine[Catalina].StandardHost[localhost].StandardContext[/WebApplication4]]
		at org.apache.catalina.util.LifecycleBase.handleSubClassException(LifecycleBase.java:440)
		at org.apache.catalina.util.LifecycleBase.start(LifecycleBase.java:198)
		at org.apache.catalina.manager.ManagerServlet.start(ManagerServlet.java:1415)
		at org.apache.catalina.manager.ManagerServlet.doGet(ManagerServlet.java:380)
		at jakarta.servlet.http.HttpServlet.service(HttpServlet.java:668)
		at jakarta.servlet.http.HttpServlet.service(HttpServlet.java:777)
		at org.apache.catalina.core.ApplicationFilterChain.internalDoFilter(ApplicationFilterChain.java:223)
		at org.apache.catalina.core.ApplicationFilterChain.doFilter(ApplicationFilterChain.java:158)
		at org.apache.tomcat.websocket.server.WsFilter.doFilter(WsFilter.java:53)
		at org.apache.catalina.core.ApplicationFilterChain.internalDoFilter(ApplicationFilterChain.java:185)
		at org.apache.catalina.core.ApplicationFilterChain.doFilter(ApplicationFilterChain.java:158)
		at org.apache.catalina.filters.HttpHeaderSecurityFilter.doFilter(HttpHeaderSecurityFilter.java:126)
		at org.apache.catalina.core.ApplicationFilterChain.internalDoFilter(ApplicationFilterChain.java:185)
		at org.apache.catalina.core.ApplicationFilterChain.doFilter(ApplicationFilterChain.java:158)
		at org.apache.catalina.core.StandardWrapperValve.invoke(StandardWrapperValve.java:197)
		at org.apache.catalina.core.StandardContextValve.invoke(StandardContextValve.java:97)
		at org.apache.catalina.authenticator.AuthenticatorBase.invoke(AuthenticatorBase.java:661)
		at org.apache.catalina.valves.RequestFilterValve.process(RequestFilterValve.java:378)
		at org.apache.catalina.valves.RemoteAddrValve.invoke(RemoteAddrValve.java:56)
		at org.apache.catalina.core.StandardHostValve.invoke(StandardHostValve.java:119)
		at org.apache.catalina.valves.ErrorReportValve.invoke(ErrorReportValve.java:92)
		at org.apache.catalina.valves.AbstractAccessLogValve.invoke(AbstractAccessLogValve.java:690)
		at org.apache.catalina.core.StandardEngineValve.invoke(StandardEngineValve.java:78)
		at org.apache.catalina.connector.CoyoteAdapter.service(CoyoteAdapter.java:356)
		at org.apache.coyote.http11.Http11Processor.service(Http11Processor.java:399)
		at org.apache.coyote.AbstractProcessorLight.process(AbstractProcessorLight.java:65)
		at org.apache.coyote.AbstractProtocol$ConnectionHandler.process(AbstractProtocol.java:867)
		at org.apache.tomcat.util.net.NioEndpoint$SocketProcessor.doRun(NioEndpoint.java:1716)
		at org.apache.tomcat.util.net.SocketProcessorBase.run(SocketProcessorBase.java:49)
		at org.apache.tomcat.util.threads.ThreadPoolExecutor.runWorker(ThreadPoolExecutor.java:1191)
		at org.apache.tomcat.util.threads.ThreadPoolExecutor$Worker.run(ThreadPoolExecutor.java:659)
		at org.apache.tomcat.util.threads.TaskThread$WrappingRunnable.run(TaskThread.java:61)
		at java.lang.Thread.run(Thread.java:748)
	Caused by: java.lang.IllegalArgumentException: Servlet mapping specifies an unknown servlet name [servletconfig]
		at org.apache.catalina.core.StandardContext.addServletMappingDecoded(StandardContext.java:3257)
		at org.apache.catalina.Context.addServletMappingDecoded(Context.java:905)
		at org.apache.catalina.startup.ContextConfig.configureContext(ContextConfig.java:1562)
		at org.apache.catalina.startup.ContextConfig.webConfig(ContextConfig.java:1329)
		at org.apache.catalina.startup.ContextConfig.configureStart(ContextConfig.java:986)
		at org.apache.catalina.startup.ContextConfig.lifecycleEvent(ContextConfig.java:303)
		at org.apache.catalina.util.LifecycleBase.fireLifecycleEvent(LifecycleBase.java:123)
		at org.apache.catalina.core.StandardContext.startInternal(StandardContext.java:5084)
		at org.apache.catalina.util.LifecycleBase.start(LifecycleBase.java:183)
		... 31 more
01-Jun-2022 15:15:24.585 INFO [http-nio-8081-exec-26] org.apache.catalina.core.ApplicationContext.log Manager: list: Listing contexts for virtual host 'localhost'
01-Jun-2022 15:15:24.585 INFO [http-nio-8081-exec-35] org.apache.catalina.core.ApplicationContext.log Manager: list: Listing contexts for virtual host 'localhost'
01-Jun-2022 15:15:24.605 INFO [http-nio-8081-exec-36] org.apache.catalina.core.ApplicationContext.log Manager: stop: Stopping web application '/WebApplication4'
01-Jun-2022 15:15:24.615 INFO [http-nio-8081-exec-29] org.apache.catalina.core.ApplicationContext.log Manager: start: Starting web application '/WebApplication4'
01-Jun-2022 15:15:24.625 SEVERE [http-nio-8081-exec-29] org.apache.catalina.core.ApplicationContext.log Manager: Error starting [/WebApplication4]
	org.apache.catalina.LifecycleException: Failed to start component [StandardEngine[Catalina].StandardHost[localhost].StandardContext[/WebApplication4]]
		at org.apache.catalina.util.LifecycleBase.handleSubClassException(LifecycleBase.java:440)
		at org.apache.catalina.util.LifecycleBase.start(LifecycleBase.java:198)
		at org.apache.catalina.manager.ManagerServlet.start(ManagerServlet.java:1415)
		at org.apache.catalina.manager.ManagerServlet.doGet(ManagerServlet.java:380)
		at jakarta.servlet.http.HttpServlet.service(HttpServlet.java:668)
		at jakarta.servlet.http.HttpServlet.service(HttpServlet.java:777)
		at org.apache.catalina.core.ApplicationFilterChain.internalDoFilter(ApplicationFilterChain.java:223)
		at org.apache.catalina.core.ApplicationFilterChain.doFilter(ApplicationFilterChain.java:158)
		at org.apache.tomcat.websocket.server.WsFilter.doFilter(WsFilter.java:53)
		at org.apache.catalina.core.ApplicationFilterChain.internalDoFilter(ApplicationFilterChain.java:185)
		at org.apache.catalina.core.ApplicationFilterChain.doFilter(ApplicationFilterChain.java:158)
		at org.apache.catalina.filters.HttpHeaderSecurityFilter.doFilter(HttpHeaderSecurityFilter.java:126)
		at org.apache.catalina.core.ApplicationFilterChain.internalDoFilter(ApplicationFilterChain.java:185)
		at org.apache.catalina.core.ApplicationFilterChain.doFilter(ApplicationFilterChain.java:158)
		at org.apache.catalina.core.StandardWrapperValve.invoke(StandardWrapperValve.java:197)
		at org.apache.catalina.core.StandardContextValve.invoke(StandardContextValve.java:97)
		at org.apache.catalina.authenticator.AuthenticatorBase.invoke(AuthenticatorBase.java:661)
		at org.apache.catalina.valves.RequestFilterValve.process(RequestFilterValve.java:378)
		at org.apache.catalina.valves.RemoteAddrValve.invoke(RemoteAddrValve.java:56)
		at org.apache.catalina.core.StandardHostValve.invoke(StandardHostValve.java:119)
		at org.apache.catalina.valves.ErrorReportValve.invoke(ErrorReportValve.java:92)
		at org.apache.catalina.valves.AbstractAccessLogValve.invoke(AbstractAccessLogValve.java:690)
		at org.apache.catalina.core.StandardEngineValve.invoke(StandardEngineValve.java:78)
		at org.apache.catalina.connector.CoyoteAdapter.service(CoyoteAdapter.java:356)
		at org.apache.coyote.http11.Http11Processor.service(Http11Processor.java:399)
		at org.apache.coyote.AbstractProcessorLight.process(AbstractProcessorLight.java:65)
		at org.apache.coyote.AbstractProtocol$ConnectionHandler.process(AbstractProtocol.java:867)
		at org.apache.tomcat.util.net.NioEndpoint$SocketProcessor.doRun(NioEndpoint.java:1716)
		at org.apache.tomcat.util.net.SocketProcessorBase.run(SocketProcessorBase.java:49)
		at org.apache.tomcat.util.threads.ThreadPoolExecutor.runWorker(ThreadPoolExecutor.java:1191)
		at org.apache.tomcat.util.threads.ThreadPoolExecutor$Worker.run(ThreadPoolExecutor.java:659)
		at org.apache.tomcat.util.threads.TaskThread$WrappingRunnable.run(TaskThread.java:61)
		at java.lang.Thread.run(Thread.java:748)
	Caused by: java.lang.IllegalArgumentException: Servlet mapping specifies an unknown servlet name [servletconfig]
		at org.apache.catalina.core.StandardContext.addServletMappingDecoded(StandardContext.java:3257)
		at org.apache.catalina.Context.addServletMappingDecoded(Context.java:905)
		at org.apache.catalina.startup.ContextConfig.configureContext(ContextConfig.java:1562)
		at org.apache.catalina.startup.ContextConfig.webConfig(ContextConfig.java:1329)
		at org.apache.catalina.startup.ContextConfig.configureStart(ContextConfig.java:986)
		at org.apache.catalina.startup.ContextConfig.lifecycleEvent(ContextConfig.java:303)
		at org.apache.catalina.util.LifecycleBase.fireLifecycleEvent(LifecycleBase.java:123)
		at org.apache.catalina.core.StandardContext.startInternal(StandardContext.java:5084)
		at org.apache.catalina.util.LifecycleBase.start(LifecycleBase.java:183)
		... 31 more
01-Jun-2022 15:15:42.105 INFO [http-nio-8081-exec-26] org.apache.catalina.core.ApplicationContext.log Manager: list: Listing contexts for virtual host 'localhost'
01-Jun-2022 15:15:42.105 INFO [http-nio-8081-exec-35] org.apache.catalina.core.ApplicationContext.log Manager: list: Listing contexts for virtual host 'localhost'
01-Jun-2022 15:15:42.115 INFO [http-nio-8081-exec-27] org.apache.catalina.core.ApplicationContext.log Manager: stop: Stopping web application '/WebApplication4'
01-Jun-2022 15:15:42.125 INFO [http-nio-8081-exec-39] org.apache.catalina.core.ApplicationContext.log Manager: start: Starting web application '/WebApplication4'
01-Jun-2022 15:15:42.145 SEVERE [http-nio-8081-exec-39] org.apache.catalina.core.ApplicationContext.log Manager: Error starting [/WebApplication4]
	org.apache.catalina.LifecycleException: Failed to start component [StandardEngine[Catalina].StandardHost[localhost].StandardContext[/WebApplication4]]
		at org.apache.catalina.util.LifecycleBase.handleSubClassException(LifecycleBase.java:440)
		at org.apache.catalina.util.LifecycleBase.start(LifecycleBase.java:198)
		at org.apache.catalina.manager.ManagerServlet.start(ManagerServlet.java:1415)
		at org.apache.catalina.manager.ManagerServlet.doGet(ManagerServlet.java:380)
		at jakarta.servlet.http.HttpServlet.service(HttpServlet.java:668)
		at jakarta.servlet.http.HttpServlet.service(HttpServlet.java:777)
		at org.apache.catalina.core.ApplicationFilterChain.internalDoFilter(ApplicationFilterChain.java:223)
		at org.apache.catalina.core.ApplicationFilterChain.doFilter(ApplicationFilterChain.java:158)
		at org.apache.tomcat.websocket.server.WsFilter.doFilter(WsFilter.java:53)
		at org.apache.catalina.core.ApplicationFilterChain.internalDoFilter(ApplicationFilterChain.java:185)
		at org.apache.catalina.core.ApplicationFilterChain.doFilter(ApplicationFilterChain.java:158)
		at org.apache.catalina.filters.HttpHeaderSecurityFilter.doFilter(HttpHeaderSecurityFilter.java:126)
		at org.apache.catalina.core.ApplicationFilterChain.internalDoFilter(ApplicationFilterChain.java:185)
		at org.apache.catalina.core.ApplicationFilterChain.doFilter(ApplicationFilterChain.java:158)
		at org.apache.catalina.core.StandardWrapperValve.invoke(StandardWrapperValve.java:197)
		at org.apache.catalina.core.StandardContextValve.invoke(StandardContextValve.java:97)
		at org.apache.catalina.authenticator.AuthenticatorBase.invoke(AuthenticatorBase.java:661)
		at org.apache.catalina.valves.RequestFilterValve.process(RequestFilterValve.java:378)
		at org.apache.catalina.valves.RemoteAddrValve.invoke(RemoteAddrValve.java:56)
		at org.apache.catalina.core.StandardHostValve.invoke(StandardHostValve.java:119)
		at org.apache.catalina.valves.ErrorReportValve.invoke(ErrorReportValve.java:92)
		at org.apache.catalina.valves.AbstractAccessLogValve.invoke(AbstractAccessLogValve.java:690)
		at org.apache.catalina.core.StandardEngineValve.invoke(StandardEngineValve.java:78)
		at org.apache.catalina.connector.CoyoteAdapter.service(CoyoteAdapter.java:356)
		at org.apache.coyote.http11.Http11Processor.service(Http11Processor.java:399)
		at org.apache.coyote.AbstractProcessorLight.process(AbstractProcessorLight.java:65)
		at org.apache.coyote.AbstractProtocol$ConnectionHandler.process(AbstractProtocol.java:867)
		at org.apache.tomcat.util.net.NioEndpoint$SocketProcessor.doRun(NioEndpoint.java:1716)
		at org.apache.tomcat.util.net.SocketProcessorBase.run(SocketProcessorBase.java:49)
		at org.apache.tomcat.util.threads.ThreadPoolExecutor.runWorker(ThreadPoolExecutor.java:1191)
		at org.apache.tomcat.util.threads.ThreadPoolExecutor$Worker.run(ThreadPoolExecutor.java:659)
		at org.apache.tomcat.util.threads.TaskThread$WrappingRunnable.run(TaskThread.java:61)
		at java.lang.Thread.run(Thread.java:748)
	Caused by: java.lang.IllegalArgumentException: Servlet mapping specifies an unknown servlet name [servletconfig]
		at org.apache.catalina.core.StandardContext.addServletMappingDecoded(StandardContext.java:3257)
		at org.apache.catalina.Context.addServletMappingDecoded(Context.java:905)
		at org.apache.catalina.startup.ContextConfig.configureContext(ContextConfig.java:1562)
		at org.apache.catalina.startup.ContextConfig.webConfig(ContextConfig.java:1329)
		at org.apache.catalina.startup.ContextConfig.configureStart(ContextConfig.java:986)
		at org.apache.catalina.startup.ContextConfig.lifecycleEvent(ContextConfig.java:303)
		at org.apache.catalina.util.LifecycleBase.fireLifecycleEvent(LifecycleBase.java:123)
		at org.apache.catalina.core.StandardContext.startInternal(StandardContext.java:5084)
		at org.apache.catalina.util.LifecycleBase.start(LifecycleBase.java:183)
		... 31 more
01-Jun-2022 15:15:53.415 INFO [http-nio-8081-exec-34] org.apache.catalina.core.ApplicationContext.log Manager: list: Listing contexts for virtual host 'localhost'
01-Jun-2022 15:15:53.425 INFO [http-nio-8081-exec-35] org.apache.catalina.core.ApplicationContext.log Manager: list: Listing contexts for virtual host 'localhost'
01-Jun-2022 15:15:53.435 INFO [http-nio-8081-exec-27] org.apache.catalina.core.ApplicationContext.log Manager: undeploy: Undeploying web application at '/WebApplication4'
01-Jun-2022 15:15:53.955 INFO [http-nio-8081-exec-30] org.apache.catalina.core.ApplicationContext.log Manager: install: Installing context configuration at 'file:/C:/Users/vignan/AppData/Local/Temp/context4073323564746719373.xml'
01-Jun-2022 15:15:53.995 INFO [http-nio-8081-exec-26] org.apache.catalina.core.ApplicationContext.log Manager: start: Starting web application '/WebApplication4'
01-Jun-2022 15:15:56.935 INFO [http-nio-8081-exec-26] org.apache.catalina.core.ApplicationContext.log Manager: list: Listing contexts for virtual host 'localhost'
01-Jun-2022 15:15:56.935 INFO [http-nio-8081-exec-38] org.apache.catalina.core.ApplicationContext.log Manager: list: Listing contexts for virtual host 'localhost'
01-Jun-2022 15:15:56.955 INFO [http-nio-8081-exec-34] org.apache.catalina.core.ApplicationContext.log Manager: stop: Stopping web application '/WebApplication4'
01-Jun-2022 15:15:56.955 INFO [http-nio-8081-exec-39] org.apache.catalina.core.ApplicationContext.log Manager: start: Starting web application '/WebApplication4'
01-Jun-2022 15:26:27.958 INFO [http-nio-8081-exec-44] org.apache.catalina.core.ApplicationContext.log Manager: list: Listing contexts for virtual host 'localhost'
01-Jun-2022 15:26:27.971 INFO [http-nio-8081-exec-45] org.apache.catalina.core.ApplicationContext.log Manager: restart: Reloading web application '/WebApplication0'
